Added Component: Designator=C1(CAPC0805(2012)145_L)
Add component. Clean all parameters for all variants
Add component (AddParameter): Name = "Case-EIA"; Value = "0805"; VariantName = "[No Variations]"
Add component (AddParameter): Name = "Case-Metric"; Value = "2012"; VariantName = "[No Variations]"
Add component (AddParameter): Name = "PackageReference"; Value = "CAPC0805(2012)145"; VariantName = "[No Variations]"
Add component (AddParameter): Name = "Rated Voltage"; Value = ""; VariantName = "[No Variations]"
Add component (AddParameter): Name = "Tolerance"; Value = ""; VariantName = "[No Variations]"
Add component (AddParameter): Name = "Value"; Value = "100nF"; VariantName = "[No Variations]"
Added Component: Designator=C2(CAPC0805(2012)145_L)
Add component. Clean all parameters for all variants
Add component (AddParameter): Name = "Case-EIA"; Value = "0805"; VariantName = "[No Variations]"
Add component (AddParameter): Name = "Case-Metric"; Value = "2012"; VariantName = "[No Variations]"
Add component (AddParameter): Name = "PackageReference"; Value = "CAPC0805(2012)145"; VariantName = "[No Variations]"
Add component (AddParameter): Name = "Rated Voltage"; Value = ""; VariantName = "[No Variations]"
Add component (AddParameter): Name = "Tolerance"; Value = ""; VariantName = "[No Variations]"
Add component (AddParameter): Name = "Value"; Value = "10uF"; VariantName = "[No Variations]"
Added Component: Designator=D1(LTST-C171AKT_V)
Add component. Clean all parameters for all variants
Add component (AddParameter): Name = "ComponentLink1Description"; Value = "Datasheet"; VariantName = "[No Variations]"
Add component (AddParameter): Name = "ComponentLink1URL"; Value = "http://optoelectronics.liteon.com/upload/download/DS-22-99-0170/S_110_LTST-C171AKT.pdf"; VariantName = "[No Variations]"
Add component (AddParameter): Name = "Manufacturer"; Value = "Lite-On"; VariantName = "[No Variations]"
Add component (AddParameter): Name = "PackageReference"; Value = "C171AKT"; VariantName = "[No Variations]"
Add component (AddParameter): Name = "PartNumber"; Value = "LTST-C171AKT"; VariantName = "[No Variations]"
Added Component: Designator=DS1(KING-WP7113SGC_V)
Add component. Clean all parameters for all variants
Add component (AddParameter): Name = "Case\Package"; Value = "0603"; VariantName = "[No Variations]"
Add component (AddParameter): Name = "Case Code (Imperial)"; Value = "0603"; VariantName = "[No Variations]"
Add component (AddParameter): Name = "Case Code (Metric)"; Value = "1608"; VariantName = "[No Variations]"
Add component (AddParameter): Name = "Colour"; Value = "Yellow"; VariantName = "[No Variations]"
Add component (AddParameter): Name = "ComponentLink1Description"; Value = "Datasheet"; VariantName = "[No Variations]"
Add component (AddParameter): Name = "ComponentLink1URL"; Value = "http://www.kingbrightusa.com/images/catalog/SPEC/WP7113SGC.pdf"; VariantName = "[No Variations]"
Add component (AddParameter): Name = "DatasheetVersion"; Value = "Rev. 9B, 01/2015"; VariantName = "[No Variations]"
Add component (AddParameter): Name = "Forward Current"; Value = "20 mA"; VariantName = "[No Variations]"
Add component (AddParameter): Name = "Forward Voltage"; Value = "2.1 V"; VariantName = "[No Variations]"
Add component (AddParameter): Name = "Height"; Value = "0.8 mm"; VariantName = "[No Variations]"
Add component (AddParameter): Name = "Illumination Colour"; Value = "Yellow"; VariantName = "[No Variations]"
Add component (AddParameter): Name = "Length"; Value = "1.6 mm"; VariantName = "[No Variations]"
Add component (AddParameter): Name = "Lens Style"; Value = "Diffused"; VariantName = "[No Variations]"
Add component (AddParameter): Name = "Luminous Intensity"; Value = "8 mcd"; VariantName = "[No Variations]"
Add component (AddParameter): Name = "Max Operating Temperature"; Value = "85 degC"; VariantName = "[No Variations]"
Add component (AddParameter): Name = "Min Operating Temperature"; Value = "-40 degC"; VariantName = "[No Variations]"
Add component (AddParameter): Name = "Mount"; Value = "Surface Mount"; VariantName = "[No Variations]"
Add component (AddParameter): Name = "Nominal Vf"; Value = "2.1 V"; VariantName = "[No Variations]"
Add component (AddParameter): Name = "Nominal Wavelength"; Value = "586 nm"; VariantName = "[No Variations]"
Add component (AddParameter): Name = "PackageDescription"; Value = "2-Pin Through Hole Device, Dia 5.9 mm, Body Length 8.6 mm"; VariantName = "[No Variations]"
Add component (AddParameter): Name = "Package Quantity"; Value = "4000"; VariantName = "[No Variations]"
Add component (AddParameter): Name = "PackageReference"; Value = "WP7113SGC"; VariantName = "[No Variations]"
Add component (AddParameter): Name = "Packaging"; Value = "Tape and Reel"; VariantName = "[No Variations]"
Add component (AddParameter): Name = "Pins"; Value = "2"; VariantName = "[No Variations]"
Add component (AddParameter): Name = "Power Rating"; Value = "52 mW"; VariantName = "[No Variations]"
Add component (AddParameter): Name = "Radiation Hardening"; Value = "No"; VariantName = "[No Variations]"
Add component (AddParameter): Name = "RoHSCompliant"; Value = "true"; VariantName = "[No Variations]"
Add component (AddParameter): Name = "Viewing Angle"; Value = "170 degrees"; VariantName = "[No Variations]"
Add component (AddParameter): Name = "Width"; Value = "0.8 mm"; VariantName = "[No Variations]"
Added Component: Designator=J1(MOLX-47346-0001-5_V)
Add component. Clean all parameters for all variants
Add component (AddParameter): Name = "Body Orientation"; Value = "RightAngle"; VariantName = "[No Variations]"
Add component (AddParameter): Name = "Color"; Value = "Black"; VariantName = "[No Variations]"
Add component (AddParameter): Name = "Contact Material"; Value = "CopperAlloy"; VariantName = "[No Variations]"
Add component (AddParameter): Name = "Contact Plating"; Value = "GoldOverPalladiumNickelOverNickel"; VariantName = "[No Variations]"
Add component (AddParameter): Name = "Datasheet URL"; Value = "https://datasheet.ciiva.com/30075/304740473460001-io-nectors-30075527.pdf"; VariantName = "[No Variations]"
Add component (AddParameter): Name = "Datasheet Version"; Value = "Dec-13"; VariantName = "[No Variations]"
Add component (AddParameter): Name = "Dimension"; Value = "7.8x5.43x2.94mm"; VariantName = "[No Variations]"
Add component (AddParameter): Name = "Gender"; Value = "RCP"; VariantName = "[No Variations]"
Add component (AddParameter): Name = "Housing Material"; Value = "LiquidCrystalPolymer"; VariantName = "[No Variations]"
Add component (AddParameter): Name = "Manufacturer"; Value = "Molex"; VariantName = "[No Variations]"
Add component (AddParameter): Name = "Manufacturer URL"; Value = "http://www.molex.com/"; VariantName = "[No Variations]"
Add component (AddParameter): Name = "Maximum Current Rating"; Value = "1.8/ContactA"; VariantName = "[No Variations]"
Add component (AddParameter): Name = "Maximum Voltage Rating"; Value = "30VAC"; VariantName = "[No Variations]"
Add component (AddParameter): Name = "Mounting"; Value = "SurfaceMount"; VariantName = "[No Variations]"
Add component (AddParameter): Name = "Number of Contacts"; Value = "5"; VariantName = "[No Variations]"
Add component (AddParameter): Name = "Number of Ports"; Value = "1"; VariantName = "[No Variations]"
Add component (AddParameter): Name = "Number of Terminals"; Value = "5"; VariantName = "[No Variations]"
Add component (AddParameter): Name = "Operating Temperature"; Value = "-30to85C"; VariantName = "[No Variations]"
Add component (AddParameter): Name = "Packaging"; Value = "EmbossedTapeandReel"; VariantName = "[No Variations]"
Add component (AddParameter): Name = "Part No"; Value = "47346-0001"; VariantName = "[No Variations]"
Add component (AddParameter): Name = "Pitch"; Value = "0.65mm"; VariantName = "[No Variations]"
Add component (AddParameter): Name = "RoHS"; Value = "Yes"; VariantName = "[No Variations]"
Add component (AddParameter): Name = "Termination Method"; Value = "Solder"; VariantName = "[No Variations]"
Add component (AddParameter): Name = "Type"; Value = "MicroUSBTypeB"; VariantName = "[No Variations]"
Added Component: Designator=J2(SMTC-SMH-102-02-X-D)
Add component. Clean all parameters for all variants
Add component (AddParameter): Name = "ComponentLink1Description"; Value = "Manufacturer URL"; VariantName = "[No Variations]"
Add component (AddParameter): Name = "ComponentLink1URL"; Value = "http://www.samtec.com"; VariantName = "[No Variations]"
Add component (AddParameter): Name = "ComponentLink2Description"; Value = "Datasheet"; VariantName = "[No Variations]"
Add component (AddParameter): Name = "ComponentLink2URL"; Value = "http://www.samtec.com/documents/webfiles/pdf/SMH.PDF"; VariantName = "[No Variations]"
Add component (AddParameter): Name = "ComponentLink3Description"; Value = "Package Specification"; VariantName = "[No Variations]"
Add component (AddParameter): Name = "ComponentLink3URL"; Value = "http://www.samtec.com/documents/webfiles/cpdf/SMH-1XX-XX-XX-X-XX-MKT.pdf"; VariantName = "[No Variations]"
Add component (AddParameter): Name = "DatasheetVersion"; Value = "F-214"; VariantName = "[No Variations]"
Add component (AddParameter): Name = "Manufacturer"; Value = "Samtec"; VariantName = "[No Variations]"
Add component (AddParameter): Name = "Mounting Technology"; Value = "Surface Mount"; VariantName = "[No Variations]"
Add component (AddParameter): Name = "Orientation"; Value = "Horizontal"; VariantName = "[No Variations]"
Add component (AddParameter): Name = "PackageDescription"; Value = ".100 [2.54] Horizontal SMT Socket Assembly"; VariantName = "[No Variations]"
Add component (AddParameter): Name = "PackageReference"; Value = "SMH-102-02-X-D"; VariantName = "[No Variations]"
Add component (AddParameter): Name = "PackageVersion"; Value = "AF, 2/1999"; VariantName = "[No Variations]"
Add component (AddParameter): Name = "PartNumber"; Value = "SMH-102-02-T-D"; VariantName = "[No Variations]"
Add component (AddParameter): Name = "Pitch"; Value = "2.54 mm"; VariantName = "[No Variations]"
Add component (AddParameter): Name = "RoHS"; Value = "True"; VariantName = "[No Variations]"
Add component (AddParameter): Name = "Temperature Range"; Value = "-55 to 105 degC"; VariantName = "[No Variations]"
Added Component: Designator=R1(RESC0603(1608)_L)
Add component. Clean all parameters for all variants
Add component (AddParameter): Name = "Case-EIA"; Value = "0603"; VariantName = "[No Variations]"
Add component (AddParameter): Name = "Case-Metric"; Value = "1608"; VariantName = "[No Variations]"
Add component (AddParameter): Name = "PackageReference"; Value = "RESC0603(1608)"; VariantName = "[No Variations]"
Add component (AddParameter): Name = "Power"; Value = ""; VariantName = "[No Variations]"
Add component (AddParameter): Name = "Tolerance"; Value = ""; VariantName = "[No Variations]"
Add component (AddParameter): Name = "Value"; Value = ""; VariantName = "[No Variations]"
Added Component: Designator=R2(RESC0603(1608)_L)
Add component. Clean all parameters for all variants
Add component (AddParameter): Name = "Case-EIA"; Value = "0603"; VariantName = "[No Variations]"
Add component (AddParameter): Name = "Case-Metric"; Value = "1608"; VariantName = "[No Variations]"
Add component (AddParameter): Name = "PackageReference"; Value = "RESC0603(1608)"; VariantName = "[No Variations]"
Add component (AddParameter): Name = "Power"; Value = ""; VariantName = "[No Variations]"
Add component (AddParameter): Name = "Tolerance"; Value = ""; VariantName = "[No Variations]"
Add component (AddParameter): Name = "Value"; Value = ""; VariantName = "[No Variations]"
Added Component: Designator=R3(RESC0603(1608)_L)
Add component. Clean all parameters for all variants
Add component (AddParameter): Name = "Case-EIA"; Value = "0603"; VariantName = "[No Variations]"
Add component (AddParameter): Name = "Case-Metric"; Value = "1608"; VariantName = "[No Variations]"
Add component (AddParameter): Name = "PackageReference"; Value = "RESC0603(1608)"; VariantName = "[No Variations]"
Add component (AddParameter): Name = "Power"; Value = ""; VariantName = "[No Variations]"
Add component (AddParameter): Name = "Tolerance"; Value = ""; VariantName = "[No Variations]"
Add component (AddParameter): Name = "Value"; Value = ""; VariantName = "[No Variations]"
Added Component: Designator=R4(RESC0603(1608)_L)
Add component. Clean all parameters for all variants
Add component (AddParameter): Name = "Case-EIA"; Value = "0603"; VariantName = "[No Variations]"
Add component (AddParameter): Name = "Case-Metric"; Value = "1608"; VariantName = "[No Variations]"
Add component (AddParameter): Name = "PackageReference"; Value = "RESC0603(1608)"; VariantName = "[No Variations]"
Add component (AddParameter): Name = "Power"; Value = ""; VariantName = "[No Variations]"
Add component (AddParameter): Name = "Tolerance"; Value = ""; VariantName = "[No Variations]"
Add component (AddParameter): Name = "Value"; Value = ""; VariantName = "[No Variations]"
Added Component: Designator=R5(RESC0603(1608)_L)
Add component. Clean all parameters for all variants
Add component (AddParameter): Name = "Case-EIA"; Value = "0603"; VariantName = "[No Variations]"
Add component (AddParameter): Name = "Case-Metric"; Value = "1608"; VariantName = "[No Variations]"
Add component (AddParameter): Name = "PackageReference"; Value = "RESC0603(1608)"; VariantName = "[No Variations]"
Add component (AddParameter): Name = "Power"; Value = ""; VariantName = "[No Variations]"
Add component (AddParameter): Name = "Tolerance"; Value = ""; VariantName = "[No Variations]"
Add component (AddParameter): Name = "Value"; Value = ""; VariantName = "[No Variations]"
Added Component: Designator=R6(RESC0603(1608)_N)
Add component. Clean all parameters for all variants
Add component (AddParameter): Name = "Case-EIA"; Value = "0603"; VariantName = "[No Variations]"
Add component (AddParameter): Name = "Case-Metric"; Value = "1608"; VariantName = "[No Variations]"
Add component (AddParameter): Name = "Power"; Value = "0.1 W"; VariantName = "[No Variations]"
Add component (AddParameter): Name = "Technology"; Value = "SMT"; VariantName = "[No Variations]"
Add component (AddParameter): Name = "Tolerance"; Value = "5 %"; VariantName = "[No Variations]"
Add component (AddParameter): Name = "Value"; Value = "100000.00 Ohm"; VariantName = "[No Variations]"
Added Component: Designator=SW1(OMRON-B3U-1000_V)
Add component. Clean all parameters for all variants
Add component (AddParameter): Name = "Actuator Length"; Value = "0.4mm"; VariantName = "[No Variations]"
Add component (AddParameter): Name = "Case/Package"; Value = "SMD/SMT"; VariantName = "[No Variations]"
Add component (AddParameter): Name = "Contact Current Rating"; Value = "50mA"; VariantName = "[No Variations]"
Add component (AddParameter): Name = "Contact Material"; Value = "Silver"; VariantName = "[No Variations]"
Add component (AddParameter): Name = "Current Rating"; Value = "50mA"; VariantName = "[No Variations]"
Add component (AddParameter): Name = "Datasheet URL"; Value = "http://www.omron.com/ecb/products/pdf/en-b3u.pdf"; VariantName = "[No Variations]"
Add component (AddParameter): Name = "Datasheet Version"; Value = "42005.0"; VariantName = "[No Variations]"
Add component (AddParameter): Name = "Depth"; Value = "2.5mm"; VariantName = "[No Variations]"
Add component (AddParameter): Name = "Electrical Life"; Value = "200000Cycles"; VariantName = "[No Variations]"
Add component (AddParameter): Name = "Height"; Value = "1.2mm"; VariantName = "[No Variations]"
Add component (AddParameter): Name = "Illumination Type"; Value = "Illuminated"; VariantName = "[No Variations]"
Add component (AddParameter): Name = "Insulation Resistance"; Value = "100MOhm"; VariantName = "[No Variations]"
Add component (AddParameter): Name = "Lead Free"; Value = "LeadFree"; VariantName = "[No Variations]"
Add component (AddParameter): Name = "Length"; Value = "4mm"; VariantName = "[No Variations]"
Add component (AddParameter): Name = "Manufacturer"; Value = "Omron Electronic Components"; VariantName = "[No Variations]"
Add component (AddParameter): Name = "Manufacturer URL"; Value = "http://www.omron.com/"; VariantName = "[No Variations]"
Add component (AddParameter): Name = "Max Current Rating"; Value = "50mA"; VariantName = "[No Variations]"
Add component (AddParameter): Name = "Max Operating Temperature"; Value = "70degC"; VariantName = "[No Variations]"
Add component (AddParameter): Name = "Min Operating Temperature"; Value = "-25degC"; VariantName = "[No Variations]"
Add component (AddParameter): Name = "Mount"; Value = "SurfaceMount"; VariantName = "[No Variations]"
Add component (AddParameter): Name = "Operating Force"; Value = "1.5N"; VariantName = "[No Variations]"
Add component (AddParameter): Name = "Orientation"; Value = "Straight"; VariantName = "[No Variations]"
Add component (AddParameter): Name = "Package Description"; Value = "2-Pin Surface Mount Device, Body 3 x 2.5 mm"; VariantName = "[No Variations]"
Add component (AddParameter): Name = "Package Quantity"; Value = "1"; VariantName = "[No Variations]"
Add component (AddParameter): Name = "Package Reference"; Value = "B3U-1000"; VariantName = "[No Variations]"
Add component (AddParameter): Name = "Packaging"; Value = "TapeandReel"; VariantName = "[No Variations]"
Add component (AddParameter): Name = "REACH SVHC"; Value = "Unknown"; VariantName = "[No Variations]"
Add component (AddParameter): Name = "RoHSCompliant"; Value = "true"; VariantName = "[No Variations]"
Add component (AddParameter): Name = "Switch Travel"; Value = "0.15mm"; VariantName = "[No Variations]"
Add component (AddParameter): Name = "Termination"; Value = "SMD/SMT"; VariantName = "[No Variations]"
Add component (AddParameter): Name = "Throw Configuration"; Value = "SPST"; VariantName = "[No Variations]"
Add component (AddParameter): Name = "Voltage Rating (DC)"; Value = "12V"; VariantName = "[No Variations]"
Add component (AddParameter): Name = "Weight"; Value = "0.022g"; VariantName = "[No Variations]"
Add component (AddParameter): Name = "Width"; Value = "3mm"; VariantName = "[No Variations]"
Added Component: Designator=SW2(OMRON-B3U-1000_V)
Add component. Clean all parameters for all variants
Add component (AddParameter): Name = "Actuator Length"; Value = "0.4mm"; VariantName = "[No Variations]"
Add component (AddParameter): Name = "Case/Package"; Value = "SMD/SMT"; VariantName = "[No Variations]"
Add component (AddParameter): Name = "Contact Current Rating"; Value = "50mA"; VariantName = "[No Variations]"
Add component (AddParameter): Name = "Contact Material"; Value = "Silver"; VariantName = "[No Variations]"
Add component (AddParameter): Name = "Current Rating"; Value = "50mA"; VariantName = "[No Variations]"
Add component (AddParameter): Name = "Datasheet URL"; Value = "http://www.omron.com/ecb/products/pdf/en-b3u.pdf"; VariantName = "[No Variations]"
Add component (AddParameter): Name = "Datasheet Version"; Value = "42005.0"; VariantName = "[No Variations]"
Add component (AddParameter): Name = "Depth"; Value = "2.5mm"; VariantName = "[No Variations]"
Add component (AddParameter): Name = "Electrical Life"; Value = "200000Cycles"; VariantName = "[No Variations]"
Add component (AddParameter): Name = "Height"; Value = "1.2mm"; VariantName = "[No Variations]"
Add component (AddParameter): Name = "Illumination Type"; Value = "Illuminated"; VariantName = "[No Variations]"
Add component (AddParameter): Name = "Insulation Resistance"; Value = "100MOhm"; VariantName = "[No Variations]"
Add component (AddParameter): Name = "Lead Free"; Value = "LeadFree"; VariantName = "[No Variations]"
Add component (AddParameter): Name = "Length"; Value = "4mm"; VariantName = "[No Variations]"
Add component (AddParameter): Name = "Manufacturer"; Value = "Omron Electronic Components"; VariantName = "[No Variations]"
Add component (AddParameter): Name = "Manufacturer URL"; Value = "http://www.omron.com/"; VariantName = "[No Variations]"
Add component (AddParameter): Name = "Max Current Rating"; Value = "50mA"; VariantName = "[No Variations]"
Add component (AddParameter): Name = "Max Operating Temperature"; Value = "70degC"; VariantName = "[No Variations]"
Add component (AddParameter): Name = "Min Operating Temperature"; Value = "-25degC"; VariantName = "[No Variations]"
Add component (AddParameter): Name = "Mount"; Value = "SurfaceMount"; VariantName = "[No Variations]"
Add component (AddParameter): Name = "Operating Force"; Value = "1.5N"; VariantName = "[No Variations]"
Add component (AddParameter): Name = "Orientation"; Value = "Straight"; VariantName = "[No Variations]"
Add component (AddParameter): Name = "Package Description"; Value = "2-Pin Surface Mount Device, Body 3 x 2.5 mm"; VariantName = "[No Variations]"
Add component (AddParameter): Name = "Package Quantity"; Value = "1"; VariantName = "[No Variations]"
Add component (AddParameter): Name = "Package Reference"; Value = "B3U-1000"; VariantName = "[No Variations]"
Add component (AddParameter): Name = "Packaging"; Value = "TapeandReel"; VariantName = "[No Variations]"
Add component (AddParameter): Name = "REACH SVHC"; Value = "Unknown"; VariantName = "[No Variations]"
Add component (AddParameter): Name = "RoHSCompliant"; Value = "true"; VariantName = "[No Variations]"
Add component (AddParameter): Name = "Switch Travel"; Value = "0.15mm"; VariantName = "[No Variations]"
Add component (AddParameter): Name = "Termination"; Value = "SMD/SMT"; VariantName = "[No Variations]"
Add component (AddParameter): Name = "Throw Configuration"; Value = "SPST"; VariantName = "[No Variations]"
Add component (AddParameter): Name = "Voltage Rating (DC)"; Value = "12V"; VariantName = "[No Variations]"
Add component (AddParameter): Name = "Weight"; Value = "0.022g"; VariantName = "[No Variations]"
Add component (AddParameter): Name = "Width"; Value = "3mm"; VariantName = "[No Variations]"
Added Component: Designator=U1(SOT-223_M)
Add component. Clean all parameters for all variants
Add component (AddParameter): Name = "ComponentLink1Description"; Value = "Manufacturer URL"; VariantName = "[No Variations]"
Add component (AddParameter): Name = "ComponentLink1URL"; Value = "http://www.st.com"; VariantName = "[No Variations]"
Add component (AddParameter): Name = "ComponentLink2Description"; Value = "Datasheet"; VariantName = "[No Variations]"
Add component (AddParameter): Name = "ComponentLink2URL"; Value = "http://www.st.com/internet/com/TECHNICAL_RESOURCES/TECHNICAL_LITERATURE/DATASHEET/CD00002116.pdf"; VariantName = "[No Variations]"
Add component (AddParameter): Name = "DatasheetVersion"; Value = "2/12/2011"; VariantName = "[No Variations]"
Add component (AddParameter): Name = "PackageDescription"; Value = "4-Pin SOT-223 Package, 6.5 x 3.5 mm Body, 2.3 mm Pitch, 7 mm Lead Span"; VariantName = "[No Variations]"
Add component (AddParameter): Name = "PackageReference"; Value = "SOT-223"; VariantName = "[No Variations]"
Add component (AddParameter): Name = "PackageVersion"; Value = "2010"; VariantName = "[No Variations]"
Added Pin To Net: NetName=+3V3 Pin=C2-2
Added Pin To Net: NetName=+3V3 Pin=J2-4
Added Pin To Net: NetName=+3V3 Pin=R1-1
Added Pin To Net: NetName=+3V3 Pin=R2-1
Added Pin To Net: NetName=+3V3 Pin=R6-2
Added Pin To Net: NetName=+3V3 Pin=SW1-2
Added Pin To Net: NetName=+3V3 Pin=U1-2
Added Pin To Net: NetName=+3V3 Pin=U1-4
Added Net: Name=+3V3
Added Pin To Net: NetName=+5 Pin=J1-1
Added Net: Name=+5
Added Pin To Net: NetName=+5V Pin=C1-2
Added Pin To Net: NetName=+5V Pin=U1-3
Added Net: Name=+5V
Added Pin To Net: NetName=GND Pin=C1-1
Added Pin To Net: NetName=GND Pin=C2-1
Added Pin To Net: NetName=GND Pin=D1-C
Added Pin To Net: NetName=GND Pin=DS1-2
Added Pin To Net: NetName=GND Pin=J1-5
Added Pin To Net: NetName=GND Pin=J1-6
Added Pin To Net: NetName=GND Pin=J1-7
Added Pin To Net: NetName=GND Pin=J1-8
Added Pin To Net: NetName=GND Pin=J1-9
Added Pin To Net: NetName=GND Pin=J1-10
Added Pin To Net: NetName=GND Pin=J1-11
Added Pin To Net: NetName=GND Pin=J2-3
Added Pin To Net: NetName=GND Pin=R3-1
Added Pin To Net: NetName=GND Pin=R4-1
Added Pin To Net: NetName=GND Pin=SW1-1
Added Pin To Net: NetName=GND Pin=U1-1
Added Net: Name=GND
Added Pin To Net: NetName=LED Pin=R5-2
Added Net: Name=LED
Added Pin To Net: NetName=NetD1_A Pin=D1-A
Added Pin To Net: NetName=NetD1_A Pin=R6-1
Added Net: Name=NetD1_A
Added Pin To Net: NetName=NetDS1_1 Pin=DS1-1
Added Pin To Net: NetName=NetDS1_1 Pin=R5-1
Added Net: Name=NetDS1_1
Added Pin To Net: NetName=NetIC*_3 Pin=R2-2
Added Net: Name=NetIC*_3
Added Pin To Net: NetName=NetIC*_16 Pin=R3-2
Added Net: Name=NetIC*_16
Added Pin To Net: NetName=NetIC*_18 Pin=R4-2
Added Net: Name=NetIC*_18
Added Pin To Net: NetName=NetR1_2 Pin=R1-2
Added Pin To Net: NetName=NetR1_2 Pin=SW2-1
Added Net: Name=NetR1_2
Added Pin To Net: NetName=UART_RX Pin=J2-2
Added Net: Name=UART_RX
Added Pin To Net: NetName=UART_TX Pin=J2-1
Added Net: Name=UART_TX
Added Class: Name=ESP8266
Added Room: Name=ESP8266
